<?xml version="1.0" encoding="UTF-8"?>
<!-- Generated by org.testng.reporters.JUnitXMLReporter -->
<testsuite ignored="0" hostname="DESKTOP-FK5GQGQ" failures="0" tests="3" name="Default test" time="24.848" errors="0" timestamp="2023-06-19T15:21:34 IST">
  <testcase classname="com.automation.testng.TitleTest" name="verifyAlphabet" time="12.818"/>
  <testcase classname="com.automation.testng.TitleTest" name="verifyFacebokTitle" time="5.519"/>
  <testcase classname="com.automation.testng.TitleTest" name="verifyGoogleTitle" time="6.309"/>
</testsuite> <!-- Default test -->
