<?xml version="1.0" encoding="UTF-8"?>
<testng-results ignored="0" total="1" passed="1" failed="0" skipped="0">
  <reporter-output>
  </reporter-output>
  <suite started-at="2023-06-19T14:32:16 IST" name="Default suite" finished-at="2023-06-19T14:32:16 IST" duration-ms="160">
    <groups>
    </groups>
    <test started-at="2023-06-19T14:32:16 IST" name="Default test" finished-at="2023-06-19T14:32:16 IST" duration-ms="160">
      <class name="com.automation.practice.testng_practice.AppTest">
        <test-method signature="shouldAnswerWithTrue()[pri:0, instance:com.automation.practice.testng_practice.AppTest@740cae06]" started-at="2023-06-19T14:32:16 IST" name="shouldAnswerWithTrue" finished-at="2023-06-19T14:32:16 IST" duration-ms="32" status="PASS">
          <reporter-output>
          </reporter-output>
        </test-method> <!-- shouldAnswerWithTrue -->
      </class> <!-- com.automation.practice.testng_practice.AppTest -->
    </test> <!-- Default test -->
  </suite> <!-- Default suite -->
</testng-results>
