<?xml version="1.0" encoding="UTF-8"?>
<testng-results ignored="0" total="3" passed="3" failed="0" skipped="0">
  <reporter-output>
  </reporter-output>
  <suite started-at="2023-06-19T15:21:09 IST" name="Default suite" finished-at="2023-06-19T15:21:34 IST" duration-ms="24848">
    <groups>
    </groups>
    <test started-at="2023-06-19T15:21:09 IST" name="Default test" finished-at="2023-06-19T15:21:34 IST" duration-ms="24848">
      <class name="com.automation.testng.TitleTest">
        <test-method signature="verifyAlphabet()[pri:0, instance:com.automation.testng.TitleTest@1ed4ae0f]" started-at="2023-06-19T15:21:09 IST" name="verifyAlphabet" finished-at="2023-06-19T15:21:22 IST" duration-ms="12818" status="PASS">
          <reporter-output>
          </reporter-output>
        </test-method> <!-- verifyAlphabet -->
        <test-method signature="verifyFacebokTitle()[pri:0, instance:com.automation.testng.TitleTest@1ed4ae0f]" started-at="2023-06-19T15:21:22 IST" name="verifyFacebokTitle" finished-at="2023-06-19T15:21:28 IST" duration-ms="5519" status="PASS">
          <reporter-output>
          </reporter-output>
        </test-method> <!-- verifyFacebokTitle -->
        <test-method signature="verifyGoogleTitle()[pri:0, instance:com.automation.testng.TitleTest@1ed4ae0f]" started-at="2023-06-19T15:21:28 IST" name="verifyGoogleTitle" finished-at="2023-06-19T15:21:34 IST" duration-ms="6309" status="PASS">
          <reporter-output>
          </reporter-output>
        </test-method> <!-- verifyGoogleTitle -->
      </class> <!-- com.automation.testng.TitleTest -->
    </test> <!-- Default test -->
  </suite> <!-- Default suite -->
</testng-results>
